<?xml version="1.0" encoding="UTF-8"?>
<!-- Generated by org.testng.reporters.JUnitReportReporter -->
<testsuite hostname="DESKTOP-O4RO0A0" failures="0" tests="1" name="com.webappseurity.zero.MavenProject1.verifyFundsTest" time="2.631" errors="0" timestamp="2021-11-14T21:01:26 PST" skipped="0">
  <testcase classname="com.webappseurity.zero.MavenProject1.verifyFundsTest" name="verifyFundsTransfer" time="2.631"/>
  <system-out/>
</testsuite> <!-- com.webappseurity.zero.MavenProject1.verifyFundsTest -->
